Started GET "/" for ::1 at 2022-08-17 18:15:32 -0700
Started GET "/" for 127.0.0.1 at 2022-08-17 18:15:32 -0700
  [1m[35m (34.3ms)[0m  [1m[34mSELECT sqlite_version(*)[0m
Processing by Rails::WelcomeController#index as HTML
Processing by Rails::WelcomeController#index as HTML
  Rendering C:/Ruby27-x64/lib/ruby/gems/2.7.0/gems/railties-7.0.3.1/lib/rails/templates/rails/welcome/index.html.erb
  Rendering C:/Ruby27-x64/lib/ruby/gems/2.7.0/gems/railties-7.0.3.1/lib/rails/templates/rails/welcome/index.html.erb
  Rendered C:/Ruby27-x64/lib/ruby/gems/2.7.0/gems/railties-7.0.3.1/lib/rails/templates/rails/welcome/index.html.erb (Duration: 87.2ms | Allocations: 746)
Completed 200 OK in 337ms (Views: 241.4ms | ActiveRecord: 0.0ms | Allocations: 7172)


  Rendered C:/Ruby27-x64/lib/ruby/gems/2.7.0/gems/railties-7.0.3.1/lib/rails/templates/rails/welcome/index.html.erb (Duration: 12.6ms | Allocations: 766)
Completed 200 OK in 341ms (Views: 244.7ms | ActiveRecord: 0.0ms | Allocations: 7678)


Started GET "/" for 127.0.0.1 at 2022-08-17 18:27:40 -0700
  [1m[35m (1.9ms)[0m  [1m[34mSELECT sqlite_version(*)[0m
Processing by Rails::WelcomeController#index as HTML
  Rendering C:/Ruby27-x64/lib/ruby/gems/2.7.0/gems/railties-7.0.3.1/lib/rails/templates/rails/welcome/index.html.erb
  Rendered C:/Ruby27-x64/lib/ruby/gems/2.7.0/gems/railties-7.0.3.1/lib/rails/templates/rails/welcome/index.html.erb (Duration: 9.4ms | Allocations: 581)
Completed 200 OK in 62ms (Views: 21.7ms | ActiveRecord: 0.0ms | Allocations: 5268)


Started GET "/" for 127.0.0.1 at 2022-08-17 18:27:43 -0700
Processing by Rails::WelcomeController#index as HTML
  Rendering C:/Ruby27-x64/lib/ruby/gems/2.7.0/gems/railties-7.0.3.1/lib/rails/templates/rails/welcome/index.html.erb
  Rendered C:/Ruby27-x64/lib/ruby/gems/2.7.0/gems/railties-7.0.3.1/lib/rails/templates/rails/welcome/index.html.erb (Duration: 3.5ms | Allocations: 372)
Completed 200 OK in 11ms (Views: 7.2ms | ActiveRecord: 0.0ms | Allocations: 1130)


Started GET "/" for 127.0.0.1 at 2022-08-17 18:35:24 -0700
  [1m[35m (2.0ms)[0m  [1m[34mSELECT sqlite_version(*)[0m
Processing by Rails::WelcomeController#index as HTML
  Rendering C:/Ruby27-x64/lib/ruby/gems/2.7.0/gems/railties-7.0.3.1/lib/rails/templates/rails/welcome/index.html.erb
  Rendered C:/Ruby27-x64/lib/ruby/gems/2.7.0/gems/railties-7.0.3.1/lib/rails/templates/rails/welcome/index.html.erb (Duration: 5.7ms | Allocations: 581)
Completed 200 OK in 45ms (Views: 14.7ms | ActiveRecord: 0.0ms | Allocations: 5283)


Started GET "/articles" for 127.0.0.1 at 2022-08-17 18:35:31 -0700
  
ActionController::RoutingError (uninitialized constant ArticleController
Did you mean?  ArticlesController):
  
Started GET "/articles" for 127.0.0.1 at 2022-08-17 18:36:18 -0700
  
ActionController::RoutingError (uninitialized constant ArticleController
Did you mean?  ArticlesController):
  
Started GET "/articles" for 127.0.0.1 at 2022-08-17 18:37:31 -0700
Processing by ArticlesController#index as HTML
  Rendering layout layouts/application.html.erb
  Rendering articles/index.html.erb within layouts/application
  Rendered articles/index.html.erb within layouts/application (Duration: 2.1ms | Allocations: 124)
  Rendered layout layouts/application.html.erb (Duration: 483.1ms | Allocations: 87570)
Completed 200 OK in 498ms (Views: 495.2ms | Allocations: 88489)


  [1m[35m (2.0ms)[0m  [1m[34mSELECT sqlite_version(*)[0m
  [1m[35m (153.0ms)[0m  [1m[35mCREATE TABLE "schema_migrations" ("version" varchar NOT NULL PRIMARY KEY)[0m
  [1m[35m (130.0ms)[0m  [1m[35mCREATE TABLE "ar_internal_metadata" ("key" varchar NOT NULL PRIMARY KEY, "value" varchar, "created_at" datetime(6) NOT NULL, "updated_at" datetime(6) NOT NULL)[0m
  [1m[36mActiveRecord::SchemaMigration Pluck (0.6ms)[0m  [1m[34mSELECT "schema_migrations"."version" FROM "schema_migrations" ORDER BY "schema_migrations"."version" ASC[0m
Migrating to CreateArticles (20220818023340)
  [1m[36mTRANSACTION (0.1ms)[0m  [1m[36mbegin transaction[0m
  [1m[35m (2.6ms)[0m  [1m[35mCREATE TABLE "articles" ("id" integer PRIMARY KEY AUTOINCREMENT NOT NULL, "title" varchar, "body" text, "created_at" datetime(6) NOT NULL, "updated_at" datetime(6) NOT NULL)[0m
  [1m[36mActiveRecord::SchemaMigration Create (0.3ms)[0m  [1m[32mINSERT INTO "schema_migrations" ("version") VALUES (?)[0m  [["version", "20220818023340"]]
  [1m[36mTRANSACTION (104.2ms)[0m  [1m[36mcommit transaction[0m
  [1m[36mActiveRecord::InternalMetadata Load (0.3ms)[0m  [1m[34mSELECT "ar_internal_metadata".* FROM "ar_internal_metadata" WHERE "ar_internal_metadata"."key" = ? LIMIT ?[0m  [["key", "environment"], ["LIMIT", 1]]
  [1m[36mTRANSACTION (0.1ms)[0m  [1m[36mbegin transaction[0m
  [1m[36mActiveRecord::InternalMetadata Create (1.1ms)[0m  [1m[32mINSERT INTO "ar_internal_metadata" ("key", "value", "created_at", "updated_at") VALUES (?, ?, ?, ?)[0m  [["key", "environment"], ["value", "development"], ["created_at", "2022-08-18 02:41:18.333895"], ["updated_at", "2022-08-18 02:41:18.333895"]]
  [1m[36mTRANSACTION (124.9ms)[0m  [1m[36mcommit transaction[0m
  [1m[35m (0.2ms)[0m  [1m[34mSELECT sqlite_version(*)[0m
  [1m[36mActiveRecord::SchemaMigration Pluck (0.5ms)[0m  [1m[34mSELECT "schema_migrations"."version" FROM "schema_migrations" ORDER BY "schema_migrations"."version" ASC[0m
  [1m[35m (2.1ms)[0m  [1m[34mSELECT sqlite_version(*)[0m
  [1m[36mTRANSACTION (0.1ms)[0m  [1m[36mbegin transaction[0m
  [1m[36mArticle Create (1.5ms)[0m  [1m[32mINSERT INTO "articles" ("title", "body", "created_at", "updated_at") VALUES (?, ?, ?, ?)[0m  [["title", "Hello Railsss"], ["body", "I am on Rails!"], ["created_at", "2022-08-18 02:45:15.195427"], ["updated_at", "2022-08-18 02:45:15.195427"]]
  [1m[36mTRANSACTION (130.1ms)[0m  [1m[36mcommit transaction[0m
  [1m[35m (2.0ms)[0m  [1m[34mSELECT sqlite_version(*)[0m
  [1m[36mTRANSACTION (0.1ms)[0m  [1m[36mbegin transaction[0m
  [1m[36mArticle Create (1.5ms)[0m  [1m[32mINSERT INTO "articles" ("title", "body", "created_at", "updated_at") VALUES (?, ?, ?, ?)[0m  [["title", "Hello Railsss"], ["body", "I am on rails!"], ["created_at", "2022-08-18 02:51:23.404641"], ["updated_at", "2022-08-18 02:51:23.404641"]]
  [1m[36mTRANSACTION (104.4ms)[0m  [1m[36mcommit transaction[0m
  [1m[36mArticle Load (0.4ms)[0m  [1m[34mSELECT "articles".* FROM "articles" WHERE "articles"."id" = ? LIMIT ?[0m  [["id", 1], ["LIMIT", 1]]
  [1m[36mArticle Load (0.4ms)[0m  [1m[34mSELECT "articles".* FROM "articles"[0m
Started GET "/articles" for 127.0.0.1 at 2022-08-17 19:58:51 -0700
  [1m[35m (2.1ms)[0m  [1m[34mSELECT sqlite_version(*)[0m
  [1m[36mActiveRecord::SchemaMigration Pluck (0.3ms)[0m  [1m[34mSELECT "schema_migrations"."version" FROM "schema_migrations" ORDER BY "schema_migrations"."version" ASC[0m
Processing by ArticlesController#index as HTML
  Rendering layout layouts/application.html.erb
  Rendering articles/index.html.erb within layouts/application
  [1m[36mArticle Load (0.3ms)[0m  [1m[34mSELECT "articles".* FROM "articles"[0m
  ↳ app/views/articles/index.html.erb:4
  Rendered articles/index.html.erb within layouts/application (Duration: 21.4ms | Allocations: 5377)
  Rendered layout layouts/application.html.erb (Duration: 114.5ms | Allocations: 38591)
Completed 200 OK in 160ms (Views: 128.2ms | ActiveRecord: 1.7ms | Allocations: 43830)


Started GET "/articles/1" for 127.0.0.1 at 2022-08-17 20:02:37 -0700
  
ActionController::RoutingError (No route matches [GET] "/articles/1"):
  
Started GET "/articles/1" for 127.0.0.1 at 2022-08-17 20:05:38 -0700
  [1m[35m (1.9ms)[0m  [1m[34mSELECT sqlite_version(*)[0m
  [1m[36mActiveRecord::SchemaMigration Pluck (0.3ms)[0m  [1m[34mSELECT "schema_migrations"."version" FROM "schema_migrations" ORDER BY "schema_migrations"."version" ASC[0m
  
ActionController::RoutingError (No route matches [GET] "/articles/1"):
  
Started GET "/articles" for 127.0.0.1 at 2022-08-17 20:05:42 -0700
Processing by ArticlesController#index as HTML
  Rendering layout layouts/application.html.erb
  Rendering articles/index.html.erb within layouts/application
  [1m[36mArticle Load (0.4ms)[0m  [1m[34mSELECT "articles".* FROM "articles"[0m
  ↳ app/views/articles/index.html.erb:4
  Rendered articles/index.html.erb within layouts/application (Duration: 21.7ms | Allocations: 5187)
  Rendered layout layouts/application.html.erb (Duration: 111.5ms | Allocations: 38417)
Completed 200 OK in 141ms (Views: 117.7ms | ActiveRecord: 2.3ms | Allocations: 42005)


Started GET "/articles/1" for 127.0.0.1 at 2022-08-17 20:05:47 -0700
  
ActionController::RoutingError (No route matches [GET] "/articles/1"):
  
Started GET "/articles:1" for 127.0.0.1 at 2022-08-17 20:06:02 -0700
Processing by ArticlesController#index as HTML
  Parameters: {"id"=>":1"}
  Rendering layout layouts/application.html.erb
  Rendering articles/index.html.erb within layouts/application
  [1m[36mArticle Load (0.3ms)[0m  [1m[34mSELECT "articles".* FROM "articles"[0m
  ↳ app/views/articles/index.html.erb:4
  Rendered articles/index.html.erb within layouts/application (Duration: 4.0ms | Allocations: 554)
  Rendered layout layouts/application.html.erb (Duration: 10.8ms | Allocations: 2307)
Completed 200 OK in 14ms (Views: 11.9ms | ActiveRecord: 0.3ms | Allocations: 2593)


Started GET "/articles:4" for 127.0.0.1 at 2022-08-17 20:06:07 -0700
Processing by ArticlesController#index as HTML
  Parameters: {"id"=>":4"}
  Rendering layout layouts/application.html.erb
  Rendering articles/index.html.erb within layouts/application
  [1m[36mArticle Load (0.2ms)[0m  [1m[34mSELECT "articles".* FROM "articles"[0m
  ↳ app/views/articles/index.html.erb:4
  Rendered articles/index.html.erb within layouts/application (Duration: 3.1ms | Allocations: 548)
  Rendered layout layouts/application.html.erb (Duration: 11.1ms | Allocations: 2295)
Completed 200 OK in 14ms (Views: 12.3ms | ActiveRecord: 0.2ms | Allocations: 2571)


Started GET "/articles/:4" for 127.0.0.1 at 2022-08-17 20:07:56 -0700
Processing by ArticlesController#index as HTML
  Parameters: {"id"=>":4"}
  Rendering layout layouts/application.html.erb
  Rendering articles/index.html.erb within layouts/application
  [1m[35m (0.1ms)[0m  [1m[34mSELECT sqlite_version(*)[0m
  ↳ app/views/articles/index.html.erb:4
  [1m[36mArticle Load (0.4ms)[0m  [1m[34mSELECT "articles".* FROM "articles"[0m
  ↳ app/views/articles/index.html.erb:4
  Rendered articles/index.html.erb within layouts/application (Duration: 16.9ms | Allocations: 2382)
  Rendered layout layouts/application.html.erb (Duration: 24.6ms | Allocations: 4142)
Completed 200 OK in 33ms (Views: 28.5ms | ActiveRecord: 2.1ms | Allocations: 5167)


Started GET "/articles/:1" for 127.0.0.1 at 2022-08-17 20:07:59 -0700
Processing by ArticlesController#index as HTML
  Parameters: {"id"=>":1"}
  Rendering layout layouts/application.html.erb
  Rendering articles/index.html.erb within layouts/application
  [1m[36mArticle Load (0.3ms)[0m  [1m[34mSELECT "articles".* FROM "articles"[0m
  ↳ app/views/articles/index.html.erb:4
  Rendered articles/index.html.erb within layouts/application (Duration: 4.4ms | Allocations: 555)
  Rendered layout layouts/application.html.erb (Duration: 11.9ms | Allocations: 2304)
Completed 200 OK in 16ms (Views: 13.4ms | ActiveRecord: 0.3ms | Allocations: 2589)


Started GET "/articles/:1" for 127.0.0.1 at 2022-08-17 20:08:53 -0700
Processing by ArticlesController#index as HTML
  Parameters: {"id"=>":1"}
  Rendering layout layouts/application.html.erb
  Rendering articles/index.html.erb within layouts/application
  [1m[36mArticle Load (0.3ms)[0m  [1m[34mSELECT "articles".* FROM "articles"[0m
  ↳ app/views/articles/index.html.erb:4
  Rendered articles/index.html.erb within layouts/application (Duration: 5.7ms | Allocations: 760)
  Rendered layout layouts/application.html.erb (Duration: 19.1ms | Allocations: 2714)
Completed 200 OK in 35ms (Views: 30.8ms | ActiveRecord: 0.3ms | Allocations: 3637)


Started GET "/articles/:1" for 127.0.0.1 at 2022-08-17 20:08:55 -0700
Processing by ArticlesController#index as HTML
  Parameters: {"id"=>":1"}
  Rendering layout layouts/application.html.erb
  Rendering articles/index.html.erb within layouts/application
  [1m[36mArticle Load (0.2ms)[0m  [1m[34mSELECT "articles".* FROM "articles"[0m
  ↳ app/views/articles/index.html.erb:4
  Rendered articles/index.html.erb within layouts/application (Duration: 4.0ms | Allocations: 552)
  Rendered layout layouts/application.html.erb (Duration: 12.2ms | Allocations: 2304)
Completed 200 OK in 15ms (Views: 13.6ms | ActiveRecord: 0.2ms | Allocations: 2581)


Started GET "/articles/1" for 127.0.0.1 at 2022-08-17 20:08:56 -0700
Processing by ArticlesController#index as HTML
  Parameters: {"id"=>"1"}
  Rendering layout layouts/application.html.erb
  Rendering articles/index.html.erb within layouts/application
  [1m[36mArticle Load (0.4ms)[0m  [1m[34mSELECT "articles".* FROM "articles"[0m
  ↳ app/views/articles/index.html.erb:4
  Rendered articles/index.html.erb within layouts/application (Duration: 4.5ms | Allocations: 552)
  Rendered layout layouts/application.html.erb (Duration: 12.2ms | Allocations: 2310)
Completed 200 OK in 16ms (Views: 13.5ms | ActiveRecord: 0.4ms | Allocations: 2586)


Started GET "/articles/1" for 127.0.0.1 at 2022-08-17 20:08:57 -0700
Processing by ArticlesController#index as HTML
  Parameters: {"id"=>"1"}
  Rendering layout layouts/application.html.erb
  Rendering articles/index.html.erb within layouts/application
  [1m[36mArticle Load (0.2ms)[0m  [1m[34mSELECT "articles".* FROM "articles"[0m
  ↳ app/views/articles/index.html.erb:4
  Rendered articles/index.html.erb within layouts/application (Duration: 4.7ms | Allocations: 552)
  Rendered layout layouts/application.html.erb (Duration: 13.5ms | Allocations: 2294)
Completed 200 OK in 16ms (Views: 14.7ms | ActiveRecord: 0.2ms | Allocations: 2570)


Started GET "/articles/2" for 127.0.0.1 at 2022-08-17 20:08:57 -0700
Processing by ArticlesController#index as HTML
  Parameters: {"id"=>"2"}
  Rendering layout layouts/application.html.erb
  Rendering articles/index.html.erb within layouts/application
  [1m[36mArticle Load (0.4ms)[0m  [1m[34mSELECT "articles".* FROM "articles"[0m
  ↳ app/views/articles/index.html.erb:4
  Rendered articles/index.html.erb within layouts/application (Duration: 5.5ms | Allocations: 552)
  Rendered layout layouts/application.html.erb (Duration: 17.2ms | Allocations: 2305)
Completed 200 OK in 24ms (Views: 21.4ms | ActiveRecord: 0.4ms | Allocations: 2581)


Started GET "/articles/1" for 127.0.0.1 at 2022-08-17 20:09:00 -0700
Processing by ArticlesController#index as HTML
  Parameters: {"id"=>"1"}
  Rendering layout layouts/application.html.erb
  Rendering articles/index.html.erb within layouts/application
  [1m[36mArticle Load (0.3ms)[0m  [1m[34mSELECT "articles".* FROM "articles"[0m
  ↳ app/views/articles/index.html.erb:4
  Rendered articles/index.html.erb within layouts/application (Duration: 4.3ms | Allocations: 552)
  Rendered layout layouts/application.html.erb (Duration: 12.9ms | Allocations: 2310)
Completed 200 OK in 16ms (Views: 14.0ms | ActiveRecord: 0.3ms | Allocations: 2586)


Started GET "/articles/2" for 127.0.0.1 at 2022-08-17 20:09:01 -0700
Processing by ArticlesController#index as HTML
  Parameters: {"id"=>"2"}
  Rendering layout layouts/application.html.erb
  Rendering articles/index.html.erb within layouts/application
  [1m[36mArticle Load (0.2ms)[0m  [1m[34mSELECT "articles".* FROM "articles"[0m
  ↳ app/views/articles/index.html.erb:4
  Rendered articles/index.html.erb within layouts/application (Duration: 4.0ms | Allocations: 552)
  Rendered layout layouts/application.html.erb (Duration: 10.6ms | Allocations: 2297)
Completed 200 OK in 17ms (Views: 13.0ms | ActiveRecord: 0.2ms | Allocations: 2573)


Started GET "/articles/2" for 127.0.0.1 at 2022-08-17 20:29:39 -0700
  [1m[35m (2.4ms)[0m  [1m[34mSELECT sqlite_version(*)[0m
  [1m[36mActiveRecord::SchemaMigration Pluck (0.3ms)[0m  [1m[34mSELECT "schema_migrations"."version" FROM "schema_migrations" ORDER BY "schema_migrations"."version" ASC[0m
Processing by ArticlesController#show as HTML
  Parameters: {"id"=>"2"}
  [1m[36mArticle Load (0.2ms)[0m  [1m[34mSELECT "articles".* FROM "articles" WHERE "articles"."id" = ? LIMIT ?[0m  [["id", 2], ["LIMIT", 1]]
  ↳ app/controllers/articles_controller.rb:7:in `show'
  Rendering layout layouts/application.html.erb
  Rendering articles/show.html.erb within layouts/application
  Rendered articles/show.html.erb within layouts/application (Duration: 8.5ms | Allocations: 2433)
  Rendered layout layouts/application.html.erb (Duration: 9.8ms | Allocations: 2512)
Completed 500 Internal Server Error in 78ms (ActiveRecord: 2.1ms | Allocations: 14258)


  
ActionView::Template::Error (undefined method `title' for nil:NilClass):
    1: <h1><%= @article.title %></h1>
    2: 
    3: <p><%= @article.body %></p>
  
app/views/articles/show.html.erb:1
Started GET "/articles" for 127.0.0.1 at 2022-08-17 20:29:46 -0700
Processing by ArticlesController#index as HTML
  Rendering layout layouts/application.html.erb
  Rendering articles/index.html.erb within layouts/application
  [1m[36mArticle Load (0.3ms)[0m  [1m[34mSELECT "articles".* FROM "articles"[0m
  ↳ app/views/articles/index.html.erb:4
  Rendered articles/index.html.erb within layouts/application (Duration: 7.2ms | Allocations: 841)
  Rendered layout layouts/application.html.erb (Duration: 96.8ms | Allocations: 34077)
Completed 200 OK in 101ms (Views: 98.1ms | ActiveRecord: 0.3ms | Allocations: 34424)


Started GET "/articles/1" for 127.0.0.1 at 2022-08-17 20:29:47 -0700
Processing by ArticlesController#show as HTML
  Parameters: {"id"=>"1"}
  [1m[36mArticle Load (0.3ms)[0m  [1m[34mSELECT "articles".* FROM "articles" WHERE "articles"."id" = ? LIMIT ?[0m  [["id", 1], ["LIMIT", 1]]
  ↳ app/controllers/articles_controller.rb:7:in `show'
  Rendering layout layouts/application.html.erb
  Rendering articles/show.html.erb within layouts/application
  Rendered articles/show.html.erb within layouts/application (Duration: 1.8ms | Allocations: 1451)
  Rendered layout layouts/application.html.erb (Duration: 4.3ms | Allocations: 1528)
Completed 500 Internal Server Error in 12ms (ActiveRecord: 0.3ms | Allocations: 2232)


  
ActionView::Template::Error (undefined method `title' for nil:NilClass):
    1: <h1><%= @article.title %></h1>
    2: 
    3: <p><%= @article.body %></p>
  
app/views/articles/show.html.erb:1
Started GET "/articles/1" for 127.0.0.1 at 2022-08-17 20:29:59 -0700
Processing by ArticlesController#show as HTML
  Parameters: {"id"=>"1"}
  [1m[36mArticle Load (0.4ms)[0m  [1m[34mSELECT "articles".* FROM "articles" WHERE "articles"."id" = ? LIMIT ?[0m  [["id", 1], ["LIMIT", 1]]
  ↳ app/controllers/articles_controller.rb:7:in `show'
  Rendering layout layouts/application.html.erb
  Rendering articles/show.html.erb within layouts/application
  Rendered articles/show.html.erb within layouts/application (Duration: 1.6ms | Allocations: 1451)
  Rendered layout layouts/application.html.erb (Duration: 2.7ms | Allocations: 1528)
Completed 500 Internal Server Error in 10ms (ActiveRecord: 0.4ms | Allocations: 2230)


  
ActionView::Template::Error (undefined method `title' for nil:NilClass):
    1: <h1><%= @article.title %></h1>
    2: 
    3: <p><%= @article.body %></p>
  
app/views/articles/show.html.erb:1
Started GET "/articles/1" for 127.0.0.1 at 2022-08-17 22:14:47 -0700
Processing by ArticlesController#show as HTML
  Parameters: {"id"=>"1"}
  [1m[35m (0.4ms)[0m  [1m[34mSELECT sqlite_version(*)[0m
  ↳ app/controllers/articles_controller.rb:7:in `show'
  [1m[36mArticle Load (0.4ms)[0m  [1m[34mSELECT "articles".* FROM "articles" WHERE "articles"."id" = ? LIMIT ?[0m  [["id", 1], ["LIMIT", 1]]
  ↳ app/controllers/articles_controller.rb:7:in `show'
  Rendering layout layouts/application.html.erb
  Rendering articles/show.html.erb within layouts/application
  Rendered articles/show.html.erb within layouts/application (Duration: 6.2ms | Allocations: 1587)
  Rendered layout layouts/application.html.erb (Duration: 7.6ms | Allocations: 1663)
Completed 500 Internal Server Error in 60ms (ActiveRecord: 2.2ms | Allocations: 3499)


  
ActionView::Template::Error (undefined method `title' for nil:NilClass):
    1: <h1><%= @article.title %></h1>
    2: 
    3: <p><%= @article.body %></p>
  
app/views/articles/show.html.erb:1
Started GET "/articles" for 127.0.0.1 at 2022-08-17 22:15:04 -0700
Processing by ArticlesController#index as HTML
  Rendering layout layouts/application.html.erb
  Rendering articles/index.html.erb within layouts/application
  [1m[36mArticle Load (0.3ms)[0m  [1m[34mSELECT "articles".* FROM "articles"[0m
  ↳ app/views/articles/index.html.erb:4
  Rendered articles/index.html.erb within layouts/application (Duration: 5.8ms | Allocations: 844)
  Rendered layout layouts/application.html.erb (Duration: 14.9ms | Allocations: 2798)
Completed 200 OK in 19ms (Views: 16.1ms | ActiveRecord: 0.3ms | Allocations: 3128)


Started GET "/articles/1" for 127.0.0.1 at 2022-08-17 22:15:06 -0700
Processing by ArticlesController#show as HTML
  Parameters: {"id"=>"1"}
  [1m[36mArticle Load (0.4ms)[0m  [1m[34mSELECT "articles".* FROM "articles" WHERE "articles"."id" = ? LIMIT ?[0m  [["id", 1], ["LIMIT", 1]]
  ↳ app/controllers/articles_controller.rb:7:in `show'
  Rendering layout layouts/application.html.erb
  Rendering articles/show.html.erb within layouts/application
  Rendered articles/show.html.erb within layouts/application (Duration: 1.9ms | Allocations: 1449)
  Rendered layout layouts/application.html.erb (Duration: 3.0ms | Allocations: 1525)
Completed 500 Internal Server Error in 11ms (ActiveRecord: 0.4ms | Allocations: 2214)


  
ActionView::Template::Error (undefined method `title' for nil:NilClass):
    1: <h1><%= @article.title %></h1>
    2: 
    3: <p><%= @article.body %></p>
  
app/views/articles/show.html.erb:1
Started GET "/articles/1" for 127.0.0.1 at 2022-08-17 22:16:20 -0700
Processing by ArticlesController#show as HTML
  Parameters: {"id"=>"1"}
  [1m[35m (0.1ms)[0m  [1m[34mSELECT sqlite_version(*)[0m
  ↳ app/controllers/articles_controller.rb:7:in `show'
  [1m[36mArticle Load (0.2ms)[0m  [1m[34mSELECT "articles".* FROM "articles" WHERE "articles"."id" = ? LIMIT ?[0m  [["id", 1], ["LIMIT", 1]]
  ↳ app/controllers/articles_controller.rb:7:in `show'
  Rendering layout layouts/application.html.erb
  Rendering articles/show.html.erb within layouts/application
  Rendered articles/show.html.erb within layouts/application (Duration: 2.4ms | Allocations: 1377)
  Rendered layout layouts/application.html.erb (Duration: 3.8ms | Allocations: 1453)
Completed 500 Internal Server Error in 26ms (ActiveRecord: 1.8ms | Allocations: 5143)


  
ActionView::Template::Error (undefined method `title' for nil:NilClass):
    1: <h1><%= @article.title %></h1>
    2: 
    3: <p><%= @article.body %></p>
  
app/views/articles/show.html.erb:1
Started GET "/articles/1" for 127.0.0.1 at 2022-08-17 22:18:40 -0700
Processing by ArticlesController#show as HTML
  Parameters: {"id"=>"1"}
  [1m[36mArticle Load (0.3ms)[0m  [1m[34mSELECT "articles".* FROM "articles" WHERE "articles"."id" = ? LIMIT ?[0m  [["id", 1], ["LIMIT", 1]]
  ↳ app/controllers/articles_controller.rb:7:in `show'
  Rendering layout layouts/application.html.erb
  Rendering articles/show.html.erb within layouts/application
  Rendered articles/show.html.erb within layouts/application (Duration: 3.0ms | Allocations: 1584)
  Rendered layout layouts/application.html.erb (Duration: 4.4ms | Allocations: 1660)
Completed 500 Internal Server Error in 22ms (ActiveRecord: 0.3ms | Allocations: 2988)


  
ActionView::Template::Error (undefined method `title' for nil:NilClass):
    1: <h1><%= @article.title %></h1>
    2: 
    3: <p><%= @article.body %></p>
  
app/views/articles/show.html.erb:1
Started GET "/articles/1" for 127.0.0.1 at 2022-08-17 22:34:27 -0700
Processing by ArticlesController#show as HTML
  Parameters: {"id"=>"1"}
  [1m[35m (1.5ms)[0m  [1m[34mSELECT sqlite_version(*)[0m
  ↳ app/controllers/articles_controller.rb:7:in `show'
  [1m[36mArticle Load (0.4ms)[0m  [1m[34mSELECT "articles".* FROM "articles" WHERE "articles"."id" = ? LIMIT ?[0m  [["id", 1], ["LIMIT", 1]]
  ↳ app/controllers/articles_controller.rb:7:in `show'
  Rendering layout layouts/application.html.erb
  Rendering articles/show.html.erb within layouts/application
  Rendered articles/show.html.erb within layouts/application (Duration: 3.5ms | Allocations: 1584)
  Rendered layout layouts/application.html.erb (Duration: 4.7ms | Allocations: 1660)
Completed 500 Internal Server Error in 31ms (ActiveRecord: 2.7ms | Allocations: 3496)


  
ActionView::Template::Error (undefined method `title' for nil:NilClass):
    1: <h1><%= @article.title %></h1>
    2: 
    3: <p><%= @article.body %></p>
  
app/views/articles/show.html.erb:1
Started GET "/articles/1" for 127.0.0.1 at 2022-08-17 22:34:45 -0700
  [1m[35m (1.9ms)[0m  [1m[34mSELECT sqlite_version(*)[0m
  [1m[36mActiveRecord::SchemaMigration Pluck (0.3ms)[0m  [1m[34mSELECT "schema_migrations"."version" FROM "schema_migrations" ORDER BY "schema_migrations"."version" ASC[0m
Processing by ArticlesController#show as HTML
  Parameters: {"id"=>"1"}
  [1m[36mArticle Load (0.2ms)[0m  [1m[34mSELECT "articles".* FROM "articles" WHERE "articles"."id" = ? LIMIT ?[0m  [["id", 1], ["LIMIT", 1]]
  ↳ app/controllers/articles_controller.rb:7:in `show'
  Rendering layout layouts/application.html.erb
  Rendering articles/show.html.erb within layouts/application
  Rendered articles/show.html.erb within layouts/application (Duration: 8.1ms | Allocations: 2433)
  Rendered layout layouts/application.html.erb (Duration: 9.3ms | Allocations: 2512)
Completed 500 Internal Server Error in 75ms (ActiveRecord: 1.3ms | Allocations: 14258)


  
ActionView::Template::Error (undefined method `title' for nil:NilClass):
    1: <h1><%= @article.title %></h1>
    2: 
    3: <p><%= @article.body %></p>
  
app/views/articles/show.html.erb:1
Started GET "/articles/" for 127.0.0.1 at 2022-08-17 22:34:51 -0700
Processing by ArticlesController#index as HTML
  Rendering layout layouts/application.html.erb
  Rendering articles/index.html.erb within layouts/application
  [1m[36mArticle Load (0.4ms)[0m  [1m[34mSELECT "articles".* FROM "articles"[0m
  ↳ app/views/articles/index.html.erb:4
  Rendered articles/index.html.erb within layouts/application (Duration: 5.5ms | Allocations: 841)
  Rendered layout layouts/application.html.erb (Duration: 95.2ms | Allocations: 34069)
Completed 200 OK in 100ms (Views: 96.9ms | ActiveRecord: 0.4ms | Allocations: 34416)


Started GET "/articles/2" for 127.0.0.1 at 2022-08-17 22:34:55 -0700
Processing by ArticlesController#show as HTML
  Parameters: {"id"=>"2"}
  [1m[36mArticle Load (0.3ms)[0m  [1m[34mSELECT "articles".* FROM "articles" WHERE "articles"."id" = ? LIMIT ?[0m  [["id", 2], ["LIMIT", 1]]
  ↳ app/controllers/articles_controller.rb:7:in `show'
  Rendering layout layouts/application.html.erb
  Rendering articles/show.html.erb within layouts/application
  Rendered articles/show.html.erb within layouts/application (Duration: 2.2ms | Allocations: 1451)
  Rendered layout layouts/application.html.erb (Duration: 3.6ms | Allocations: 1528)
Completed 500 Internal Server Error in 13ms (ActiveRecord: 0.3ms | Allocations: 2232)


  
ActionView::Template::Error (undefined method `title' for nil:NilClass):
    1: <h1><%= @article.title %></h1>
    2: 
    3: <p><%= @article.body %></p>
  
app/views/articles/show.html.erb:1
Started GET "/articles/2" for 127.0.0.1 at 2022-08-17 22:34:55 -0700
Processing by ArticlesController#show as HTML
  Parameters: {"id"=>"2"}
  [1m[35m (0.2ms)[0m  [1m[34mSELECT sqlite_version(*)[0m
  ↳ app/controllers/articles_controller.rb:7:in `show'
  [1m[36mArticle Load (0.5ms)[0m  [1m[34mSELECT "articles".* FROM "articles" WHERE "articles"."id" = ? LIMIT ?[0m  [["id", 2], ["LIMIT", 1]]
  ↳ app/controllers/articles_controller.rb:7:in `show'
  Rendering layout layouts/application.html.erb
  Rendering articles/show.html.erb within layouts/application
  Rendered articles/show.html.erb within layouts/application (Duration: 2.1ms | Allocations: 1462)
  Rendered layout layouts/application.html.erb (Duration: 4.0ms | Allocations: 1809)
Completed 500 Internal Server Error in 19ms (ActiveRecord: 1.2ms | Allocations: 3506)


  
ActionView::Template::Error (undefined method `title' for nil:NilClass):
    1: <h1><%= @article.title %></h1>
    2: 
    3: <p><%= @article.body %></p>
  
app/views/articles/show.html.erb:1
Started GET "/articles" for 127.0.0.1 at 2022-08-17 22:34:59 -0700
Processing by ArticlesController#index as HTML
  Rendering layout layouts/application.html.erb
  Rendering articles/index.html.erb within layouts/application
  [1m[36mArticle Load (0.3ms)[0m  [1m[34mSELECT "articles".* FROM "articles"[0m
  ↳ app/views/articles/index.html.erb:4
  Rendered articles/index.html.erb within layouts/application (Duration: 9.5ms | Allocations: 611)
  Rendered layout layouts/application.html.erb (Duration: 15.5ms | Allocations: 2381)
Completed 200 OK in 18ms (Views: 16.7ms | ActiveRecord: 0.3ms | Allocations: 2657)


Started GET "/articles" for 127.0.0.1 at 2022-08-17 22:37:39 -0700
Processing by ArticlesController#index as HTML
  Rendering layout layouts/application.html.erb
  Rendering articles/index.html.erb within layouts/application
  [1m[36mArticle Load (0.3ms)[0m  [1m[34mSELECT "articles".* FROM "articles"[0m
  ↳ app/views/articles/index.html.erb:4
  Rendered articles/index.html.erb within layouts/application (Duration: 11.0ms | Allocations: 823)
  Rendered layout layouts/application.html.erb (Duration: 55.9ms | Allocations: 2777)
Completed 200 OK in 76ms (Views: 71.8ms | ActiveRecord: 0.3ms | Allocations: 3695)


Started GET "/articles/1" for 127.0.0.1 at 2022-08-17 22:37:41 -0700
Processing by ArticlesController#show as HTML
  Parameters: {"id"=>"1"}
  [1m[36mArticle Load (0.3ms)[0m  [1m[34mSELECT "articles".* FROM "articles" WHERE "articles"."id" = ? LIMIT ?[0m  [["id", 1], ["LIMIT", 1]]
  ↳ app/controllers/articles_controller.rb:7:in `show'
  Rendering layout layouts/application.html.erb
  Rendering articles/show.html.erb within layouts/application
  Rendered articles/show.html.erb within layouts/application (Duration: 5.1ms | Allocations: 1588)
  Rendered layout layouts/application.html.erb (Duration: 6.3ms | Allocations: 1665)
Completed 500 Internal Server Error in 15ms (ActiveRecord: 0.3ms | Allocations: 2421)


  
ActionView::Template::Error (undefined method `title' for nil:NilClass):
    1: <h1><%= @article.title %></h1>
    2: 
    3: <p><%= @article.body %></p>
  
app/views/articles/show.html.erb:1
Started GET "/articles" for 127.0.0.1 at 2022-08-17 22:37:52 -0700
Processing by ArticlesController#index as HTML
  Rendering layout layouts/application.html.erb
  Rendering articles/index.html.erb within layouts/application
  [1m[36mArticle Load (0.2ms)[0m  [1m[34mSELECT "articles".* FROM "articles"[0m
  ↳ app/views/articles/index.html.erb:4
  Rendered articles/index.html.erb within layouts/application (Duration: 4.4ms | Allocations: 629)
  Rendered layout layouts/application.html.erb (Duration: 12.6ms | Allocations: 2386)
Completed 200 OK in 15ms (Views: 13.8ms | ActiveRecord: 0.2ms | Allocations: 2663)


Started GET "/articles/2" for 127.0.0.1 at 2022-08-17 22:38:10 -0700
  
ArgumentError (Missing :controller key on routes definition, please check your routes.):
  
config/routes.rb:2:in `block in <main>'
config/routes.rb:1:in `<main>'
Started GET "/articles/1" for 127.0.0.1 at 2022-08-17 23:00:30 -0700
Processing by ArticlesController#show as HTML
  Parameters: {"id"=>"1"}
  [1m[35m (0.1ms)[0m  [1m[34mSELECT sqlite_version(*)[0m
  ↳ app/controllers/articles_controller.rb:7:in `show'
  [1m[36mArticle Load (0.3ms)[0m  [1m[34mSELECT "articles".* FROM "articles" WHERE "articles"."id" = ? LIMIT ?[0m  [["id", 1], ["LIMIT", 1]]
  ↳ app/controllers/articles_controller.rb:7:in `show'
  Rendering layout layouts/application.html.erb
  Rendering articles/show.html.erb within layouts/application
  Rendered articles/show.html.erb within layouts/application (Duration: 1.7ms | Allocations: 1376)
  Rendered layout layouts/application.html.erb (Duration: 2.9ms | Allocations: 1452)
Completed 500 Internal Server Error in 29ms (ActiveRecord: 1.7ms | Allocations: 5153)


  
ActionView::Template::Error (undefined method `title' for nil:NilClass):
    1: <h1><%= @article.title %></h1>
    2: 
    3: <p><%= @article.body %></p>
  
app/views/articles/show.html.erb:1
Started GET "/articles/1" for 127.0.0.1 at 2022-08-17 23:03:04 -0700
Processing by ArticlesController#show as HTML
  Parameters: {"id"=>"1"}
  [1m[35m (0.4ms)[0m  [1m[34mSELECT sqlite_version(*)[0m
  ↳ app/controllers/articles_controller.rb:7:in `show'
  [1m[36mArticle Load (0.2ms)[0m  [1m[34mSELECT "articles".* FROM "articles" WHERE "articles"."id" = ? LIMIT ?[0m  [["id", 1], ["LIMIT", 1]]
  ↳ app/controllers/articles_controller.rb:7:in `show'
  Rendering layout layouts/application.html.erb
  Rendering articles/show.html.erb within layouts/application
  Rendered articles/show.html.erb within layouts/application (Duration: 1.9ms | Allocations: 157)
  Rendered layout layouts/application.html.erb (Duration: 10.6ms | Allocations: 2116)
Completed 200 OK in 41ms (Views: 21.2ms | ActiveRecord: 2.2ms | Allocations: 6074)


Started GET "/articles/1" for 127.0.0.1 at 2022-08-17 23:03:33 -0700
Processing by ArticlesController#show as HTML
  Parameters: {"id"=>"1"}
  [1m[35m (0.2ms)[0m  [1m[34mSELECT sqlite_version(*)[0m
  ↳ app/controllers/articles_controller.rb:7:in `show'
  [1m[36mArticle Load (0.4ms)[0m  [1m[34mSELECT "articles".* FROM "articles" WHERE "articles"."id" = ? LIMIT ?[0m  [["id", 1], ["LIMIT", 1]]
  ↳ app/controllers/articles_controller.rb:7:in `show'
  Rendering layout layouts/application.html.erb
  Rendering articles/show.html.erb within layouts/application
  Rendered articles/show.html.erb within layouts/application (Duration: 1.6ms | Allocations: 157)
  Rendered layout layouts/application.html.erb (Duration: 9.7ms | Allocations: 2094)
Completed 200 OK in 41ms (Views: 20.8ms | ActiveRecord: 2.2ms | Allocations: 6063)


Started GET "/articles/1" for 127.0.0.1 at 2022-08-17 23:03:50 -0700
Processing by ArticlesController#show as HTML
  Parameters: {"id"=>"1"}
  [1m[36mArticle Load (0.2ms)[0m  [1m[34mSELECT "articles".* FROM "articles" WHERE "articles"."id" = ? LIMIT ?[0m  [["id", 1], ["LIMIT", 1]]
  ↳ app/controllers/articles_controller.rb:7:in `show'
  Rendering layout layouts/application.html.erb
  Rendering articles/show.html.erb within layouts/application
  Rendered articles/show.html.erb within layouts/application (Duration: 5.0ms | Allocations: 155)
  Rendered layout layouts/application.html.erb (Duration: 21.0ms | Allocations: 2089)
Completed 200 OK in 47ms (Views: 40.6ms | ActiveRecord: 0.2ms | Allocations: 3442)


Started GET "/articles/" for 127.0.0.1 at 2022-08-17 23:03:54 -0700
Processing by ArticlesController#index as HTML
  Rendering layout layouts/application.html.erb
  Rendering articles/index.html.erb within layouts/application
  [1m[36mArticle Load (0.3ms)[0m  [1m[34mSELECT "articles".* FROM "articles"[0m
  ↳ app/views/articles/index.html.erb:4
  Rendered articles/index.html.erb within layouts/application (Duration: 6.3ms | Allocations: 835)
  Rendered layout layouts/application.html.erb (Duration: 17.2ms | Allocations: 2583)
Completed 200 OK in 21ms (Views: 18.4ms | ActiveRecord: 0.3ms | Allocations: 2912)


Started GET "/articles/2" for 127.0.0.1 at 2022-08-17 23:03:55 -0700
Processing by ArticlesController#show as HTML
  Parameters: {"id"=>"2"}
  [1m[36mArticle Load (0.2ms)[0m  [1m[34mSELECT "articles".* FROM "articles" WHERE "articles"."id" = ? LIMIT ?[0m  [["id", 2], ["LIMIT", 1]]
  ↳ app/controllers/articles_controller.rb:7:in `show'
  Rendering layout layouts/application.html.erb
  Rendering articles/show.html.erb within layouts/application
  Rendered articles/show.html.erb within layouts/application (Duration: 0.2ms | Allocations: 21)
  Rendered layout layouts/application.html.erb (Duration: 12.5ms | Allocations: 1765)
Completed 200 OK in 24ms (Views: 14.9ms | ActiveRecord: 0.2ms | Allocations: 2478)


Started GET "/articles/1" for 127.0.0.1 at 2022-08-17 23:04:02 -0700
Processing by ArticlesController#show as HTML
  Parameters: {"id"=>"1"}
  [1m[36mArticle Load (0.2ms)[0m  [1m[34mSELECT "articles".* FROM "articles" WHERE "articles"."id" = ? LIMIT ?[0m  [["id", 1], ["LIMIT", 1]]
  ↳ app/controllers/articles_controller.rb:7:in `show'
  Rendering layout layouts/application.html.erb
  Rendering articles/show.html.erb within layouts/application
  Rendered articles/show.html.erb within layouts/application (Duration: 0.2ms | Allocations: 21)
  Rendered layout layouts/application.html.erb (Duration: 6.5ms | Allocations: 1776)
Completed 200 OK in 12ms (Views: 7.9ms | ActiveRecord: 0.2ms | Allocations: 2488)


Started GET "/articles/1" for 127.0.0.1 at 2022-08-17 23:09:26 -0700
Started GET "/articles/1" for 127.0.0.1 at 2022-08-17 23:09:26 -0700
Processing by ArticlesController#show as HTML
  Parameters: {"id"=>"1"}
  [1m[36mArticle Load (0.2ms)[0m  [1m[34mSELECT "articles".* FROM "articles" WHERE "articles"."id" = ? LIMIT ?[0m  [["id", 1], ["LIMIT", 1]]
  ↳ app/controllers/articles_controller.rb:7:in `show'
  Rendering layout layouts/application.html.erb
  Rendering articles/show.html.erb within layouts/application
  Rendered articles/show.html.erb within layouts/application (Duration: 0.3ms | Allocations: 32)
  Rendered layout layouts/application.html.erb (Duration: 12.0ms | Allocations: 1838)
Completed 200 OK in 22ms (Views: 15.5ms | ActiveRecord: 0.2ms | Allocations: 2590)


Processing by ArticlesController#show as HTML
  Parameters: {"id"=>"1"}
  [1m[36mArticle Load (0.2ms)[0m  [1m[34mSELECT "articles".* FROM "articles" WHERE "articles"."id" = ? LIMIT ?[0m  [["id", 1], ["LIMIT", 1]]
  ↳ app/controllers/articles_controller.rb:7:in `show'
  Rendering layout layouts/application.html.erb
  Rendering articles/show.html.erb within layouts/application
  Rendered articles/show.html.erb within layouts/application (Duration: 0.2ms | Allocations: 21)
  Rendered layout layouts/application.html.erb (Duration: 6.6ms | Allocations: 1763)
Completed 200 OK in 13ms (Views: 8.2ms | ActiveRecord: 0.2ms | Allocations: 2475)


Started GET "/articles/new" for 127.0.0.1 at 2022-08-17 23:12:26 -0700
Processing by ArticlesController#new as HTML
  [1m[35m (0.1ms)[0m  [1m[34mSELECT sqlite_version(*)[0m
  ↳ app/controllers/articles_controller.rb:11:in `new'
  Rendering layout layouts/application.html.erb
  Rendering articles/new.html.erb within layouts/application
  Rendered articles/new.html.erb within layouts/application (Duration: 337.8ms | Allocations: 5020)
  Rendered layout layouts/application.html.erb (Duration: 350.1ms | Allocations: 6811)
Completed 200 OK in 379ms (Views: 360.9ms | ActiveRecord: 1.6ms | Allocations: 9833)


Started POST "/articles" for 127.0.0.1 at 2022-08-17 23:12:32 -0700
Processing by ArticlesController#create as HTML
  Parameters: {"authenticity_token"=>"[FILTERED]", "article"=>{"title"=>"123123", "body"=>"123123"}, "commit"=>"Create Article"}
  [1m[36mTRANSACTION (0.1ms)[0m  [1m[36mbegin transaction[0m
  ↳ app/controllers/articles_controller.rb:17:in `create'
  [1m[36mArticle Create (1.1ms)[0m  [1m[32mINSERT INTO "articles" ("title", "body", "created_at", "updated_at") VALUES (?, ?, ?, ?)[0m  [["title", "..."], ["body", "..."], ["created_at", "2022-08-18 06:12:32.352168"], ["updated_at", "2022-08-18 06:12:32.352168"]]
  ↳ app/controllers/articles_controller.rb:17:in `create'
  [1m[36mTRANSACTION (210.0ms)[0m  [1m[36mcommit transaction[0m
  ↳ app/controllers/articles_controller.rb:17:in `create'
Redirected to http://127.0.0.1:3000/articles/3
Completed 302 Found in 232ms (ActiveRecord: 211.2ms | Allocations: 2695)


Started GET "/articles/3" for 127.0.0.1 at 2022-08-17 23:12:32 -0700
Processing by ArticlesController#show as HTML
  Parameters: {"id"=>"3"}
  [1m[36mArticle Load (0.3ms)[0m  [1m[34mSELECT "articles".* FROM "articles" WHERE "articles"."id" = ? LIMIT ?[0m  [["id", 3], ["LIMIT", 1]]
  ↳ app/controllers/articles_controller.rb:7:in `show'
  Rendering layout layouts/application.html.erb
  Rendering articles/show.html.erb within layouts/application
  Rendered articles/show.html.erb within layouts/application (Duration: 1.7ms | Allocations: 155)
  Rendered layout layouts/application.html.erb (Duration: 8.2ms | Allocations: 1906)
Completed 200 OK in 18ms (Views: 9.6ms | ActiveRecord: 0.3ms | Allocations: 3246)


Started GET "/articles/" for 127.0.0.1 at 2022-08-17 23:12:45 -0700
Processing by ArticlesController#index as HTML
  Rendering layout layouts/application.html.erb
  Rendering articles/index.html.erb within layouts/application
  [1m[36mArticle Load (0.4ms)[0m  [1m[34mSELECT "articles".* FROM "articles"[0m
  ↳ app/views/articles/index.html.erb:4
  Rendered articles/index.html.erb within layouts/application (Duration: 6.8ms | Allocations: 877)
  Rendered layout layouts/application.html.erb (Duration: 16.0ms | Allocations: 2623)
Completed 200 OK in 20ms (Views: 17.3ms | ActiveRecord: 0.4ms | Allocations: 2952)


Started GET "/articles/3" for 127.0.0.1 at 2022-08-17 23:12:47 -0700
Processing by ArticlesController#show as HTML
  Parameters: {"id"=>"3"}
  [1m[36mArticle Load (0.2ms)[0m  [1m[34mSELECT "articles".* FROM "articles" WHERE "articles"."id" = ? LIMIT ?[0m  [["id", 3], ["LIMIT", 1]]
  ↳ app/controllers/articles_controller.rb:7:in `show'
  Rendering layout layouts/application.html.erb
  Rendering articles/show.html.erb within layouts/application
  Rendered articles/show.html.erb within layouts/application (Duration: 0.2ms | Allocations: 21)
  Rendered layout layouts/application.html.erb (Duration: 10.4ms | Allocations: 1761)
Completed 200 OK in 16ms (Views: 11.9ms | ActiveRecord: 0.2ms | Allocations: 2474)


Started GET "/articles/new" for 127.0.0.1 at 2022-08-17 23:12:51 -0700
Processing by ArticlesController#new as HTML
  Rendering layout layouts/application.html.erb
  Rendering articles/new.html.erb within layouts/application
  Rendered articles/new.html.erb within layouts/application (Duration: 7.0ms | Allocations: 994)
  Rendered layout layouts/application.html.erb (Duration: 20.1ms | Allocations: 2582)
Completed 200 OK in 24ms (Views: 22.7ms | ActiveRecord: 0.0ms | Allocations: 2859)


Started POST "/articles" for 127.0.0.1 at 2022-08-17 23:12:55 -0700
Processing by ArticlesController#create as HTML
  Parameters: {"authenticity_token"=>"[FILTERED]", "article"=>{"title"=>"qwe", "body"=>"qweqwe"}, "commit"=>"Create Article"}
  [1m[36mTRANSACTION (0.1ms)[0m  [1m[36mbegin transaction[0m
  ↳ app/controllers/articles_controller.rb:17:in `create'
  [1m[36mArticle Create (1.4ms)[0m  [1m[32mINSERT INTO "articles" ("title", "body", "created_at", "updated_at") VALUES (?, ?, ?, ?)[0m  [["title", "..."], ["body", "..."], ["created_at", "2022-08-18 06:12:56.104106"], ["updated_at", "2022-08-18 06:12:56.104106"]]
  ↳ app/controllers/articles_controller.rb:17:in `create'
  [1m[36mTRANSACTION (187.7ms)[0m  [1m[36mcommit transaction[0m
  ↳ app/controllers/articles_controller.rb:17:in `create'
Redirected to http://127.0.0.1:3000/articles/4
Completed 302 Found in 208ms (ActiveRecord: 189.2ms | Allocations: 2074)


Started GET "/articles/4" for 127.0.0.1 at 2022-08-17 23:12:56 -0700
Processing by ArticlesController#show as HTML
  Parameters: {"id"=>"4"}
  [1m[36mArticle Load (0.2ms)[0m  [1m[34mSELECT "articles".* FROM "articles" WHERE "articles"."id" = ? LIMIT ?[0m  [["id", 4], ["LIMIT", 1]]
  ↳ app/controllers/articles_controller.rb:7:in `show'
  Rendering layout layouts/application.html.erb
  Rendering articles/show.html.erb within layouts/application
  Rendered articles/show.html.erb within layouts/application (Duration: 0.3ms | Allocations: 21)
  Rendered layout layouts/application.html.erb (Duration: 14.5ms | Allocations: 1768)
Completed 200 OK in 26ms (Views: 16.8ms | ActiveRecord: 0.2ms | Allocations: 2480)


Started GET "/articles/" for 127.0.0.1 at 2022-08-17 23:12:59 -0700
Processing by ArticlesController#index as HTML
  Rendering layout layouts/application.html.erb
  Rendering articles/index.html.erb within layouts/application
  [1m[36mArticle Load (0.2ms)[0m  [1m[34mSELECT "articles".* FROM "articles"[0m
  ↳ app/views/articles/index.html.erb:4
  Rendered articles/index.html.erb within layouts/application (Duration: 5.4ms | Allocations: 717)
  Rendered layout layouts/application.html.erb (Duration: 13.2ms | Allocations: 2466)
Completed 200 OK in 16ms (Views: 14.5ms | ActiveRecord: 0.2ms | Allocations: 2742)


Started GET "/articles/" for 127.0.0.1 at 2022-08-17 23:28:45 -0700
Processing by ArticlesController#index as HTML
  Rendering layout layouts/application.html.erb
  Rendering articles/index.html.erb within layouts/application
  [1m[35m (0.1ms)[0m  [1m[34mSELECT sqlite_version(*)[0m
  ↳ app/views/articles/index.html.erb:4
  [1m[36mArticle Load (0.5ms)[0m  [1m[34mSELECT "articles".* FROM "articles"[0m
  ↳ app/views/articles/index.html.erb:4
  Rendered articles/index.html.erb within layouts/application (Duration: 12.1ms | Allocations: 2139)
  Rendered layout layouts/application.html.erb (Duration: 28.7ms | Allocations: 3893)
Completed 200 OK in 39ms (Views: 33.5ms | ActiveRecord: 1.0ms | Allocations: 4917)


Started GET "/articles/new" for 127.0.0.1 at 2022-08-17 23:28:48 -0700
Processing by ArticlesController#new as HTML
  Rendering layout layouts/application.html.erb
  Rendering articles/new.html.erb within layouts/application
  Rendered articles/new.html.erb within layouts/application (Duration: 2.8ms | Allocations: 998)
  Rendered layout layouts/application.html.erb (Duration: 11.4ms | Allocations: 2586)
Completed 200 OK in 15ms (Views: 13.1ms | ActiveRecord: 0.0ms | Allocations: 2863)


Started POST "/articles" for 127.0.0.1 at 2022-08-17 23:28:52 -0700
Processing by ArticlesController#create as HTML
  Parameters: {"authenticity_token"=>"[FILTERED]", "article"=>{"title"=>"123", "body"=>"123123"}, "commit"=>"Create Article"}
  [1m[36mTRANSACTION (0.1ms)[0m  [1m[36mbegin transaction[0m
  ↳ app/controllers/articles_controller.rb:17:in `create'
  [1m[36mArticle Create (1.1ms)[0m  [1m[32mINSERT INTO "articles" ("title", "body", "created_at", "updated_at") VALUES (?, ?, ?, ?)[0m  [["title", "123"], ["body", "123123"], ["created_at", "2022-08-18 06:28:52.599726"], ["updated_at", "2022-08-18 06:28:52.599726"]]
  ↳ app/controllers/articles_controller.rb:17:in `create'
  [1m[36mTRANSACTION (177.4ms)[0m  [1m[36mcommit transaction[0m
  ↳ app/controllers/articles_controller.rb:17:in `create'
Redirected to http://127.0.0.1:3000/articles/5
Completed 302 Found in 209ms (ActiveRecord: 178.5ms | Allocations: 2037)


Started GET "/articles/5" for 127.0.0.1 at 2022-08-17 23:28:52 -0700
Processing by ArticlesController#show as HTML
  Parameters: {"id"=>"5"}
  [1m[36mArticle Load (0.4ms)[0m  [1m[34mSELECT "articles".* FROM "articles" WHERE "articles"."id" = ? LIMIT ?[0m  [["id", 5], ["LIMIT", 1]]
  ↳ app/controllers/articles_controller.rb:7:in `show'
  Rendering layout layouts/application.html.erb
  Rendering articles/show.html.erb within layouts/application
  Rendered articles/show.html.erb within layouts/application (Duration: 0.2ms | Allocations: 21)
  Rendered layout layouts/application.html.erb (Duration: 6.7ms | Allocations: 1764)
Completed 200 OK in 16ms (Views: 8.2ms | ActiveRecord: 0.4ms | Allocations: 3025)


Started GET "/articles/" for 127.0.0.1 at 2022-08-17 23:28:56 -0700
Processing by ArticlesController#index as HTML
  Rendering layout layouts/application.html.erb
  Rendering articles/index.html.erb within layouts/application
  [1m[36mArticle Load (0.3ms)[0m  [1m[34mSELECT "articles".* FROM "articles"[0m
  ↳ app/views/articles/index.html.erb:4
  Rendered articles/index.html.erb within layouts/application (Duration: 5.5ms | Allocations: 763)
  Rendered layout layouts/application.html.erb (Duration: 12.1ms | Allocations: 2508)
Completed 200 OK in 15ms (Views: 13.7ms | ActiveRecord: 0.3ms | Allocations: 2784)


Started GET "/articles/" for 127.0.0.1 at 2022-08-17 23:38:05 -0700
Processing by ArticlesController#index as HTML
  Rendering layout layouts/application.html.erb
  Rendering articles/index.html.erb within layouts/application
  [1m[35m (0.1ms)[0m  [1m[34mSELECT sqlite_version(*)[0m
  ↳ app/views/articles/index.html.erb:4
  [1m[36mArticle Load (0.3ms)[0m  [1m[34mSELECT "articles".* FROM "articles"[0m
  ↳ app/views/articles/index.html.erb:4
  Rendered articles/index.html.erb within layouts/application (Duration: 9.0ms | Allocations: 1354)
  Rendered layout layouts/application.html.erb (Duration: 15.6ms | Allocations: 3103)
Completed 200 OK in 19ms (Views: 17.1ms | ActiveRecord: 0.9ms | Allocations: 3379)


Started GET "/articles/1" for 127.0.0.1 at 2022-08-17 23:38:07 -0700
Processing by ArticlesController#show as HTML
  Parameters: {"id"=>"1"}
  [1m[36mArticle Load (0.3ms)[0m  [1m[34mSELECT "articles".* FROM "articles" WHERE "articles"."id" = ? LIMIT ?[0m  [["id", 1], ["LIMIT", 1]]
  ↳ app/controllers/articles_controller.rb:7:in `show'
  Rendering layout layouts/application.html.erb
  Rendering articles/show.html.erb within layouts/application
  Rendered articles/show.html.erb within layouts/application (Duration: 0.2ms | Allocations: 21)
  Rendered layout layouts/application.html.erb (Duration: 6.7ms | Allocations: 1767)
Completed 200 OK in 12ms (Views: 8.0ms | ActiveRecord: 0.3ms | Allocations: 2504)


Started GET "/articles/5" for 127.0.0.1 at 2022-08-17 23:38:11 -0700
Processing by ArticlesController#show as HTML
  Parameters: {"id"=>"5"}
  [1m[36mArticle Load (0.2ms)[0m  [1m[34mSELECT "articles".* FROM "articles" WHERE "articles"."id" = ? LIMIT ?[0m  [["id", 5], ["LIMIT", 1]]
  ↳ app/controllers/articles_controller.rb:7:in `show'
  Rendering layout layouts/application.html.erb
  Rendering articles/show.html.erb within layouts/application
  Rendered articles/show.html.erb within layouts/application (Duration: 0.2ms | Allocations: 21)
  Rendered layout layouts/application.html.erb (Duration: 7.9ms | Allocations: 1759)
Completed 200 OK in 14ms (Views: 9.5ms | ActiveRecord: 0.2ms | Allocations: 2471)


Started GET "/articles/6" for 127.0.0.1 at 2022-08-17 23:38:13 -0700
Processing by ArticlesController#show as HTML
  Parameters: {"id"=>"6"}
  [1m[36mArticle Load (0.6ms)[0m  [1m[34mSELECT "articles".* FROM "articles" WHERE "articles"."id" = ? LIMIT ?[0m  [["id", 6], ["LIMIT", 1]]
  ↳ app/controllers/articles_controller.rb:7:in `show'
Completed 404 Not Found in 7ms (ActiveRecord: 0.6ms | Allocations: 863)


  
ActiveRecord::RecordNotFound (Couldn't find Article with 'id'=6):
  
app/controllers/articles_controller.rb:7:in `show'
Started GET "/articles/" for 127.0.0.1 at 2022-08-17 23:38:19 -0700
Processing by ArticlesController#index as HTML
  Rendering layout layouts/application.html.erb
  Rendering articles/index.html.erb within layouts/application
  [1m[36mArticle Load (0.2ms)[0m  [1m[34mSELECT "articles".* FROM "articles"[0m
  ↳ app/views/articles/index.html.erb:4
  Rendered articles/index.html.erb within layouts/application (Duration: 4.1ms | Allocations: 762)
  Rendered layout layouts/application.html.erb (Duration: 15.6ms | Allocations: 2520)
Completed 200 OK in 19ms (Views: 17.1ms | ActiveRecord: 0.2ms | Allocations: 2796)


Started GET "/articles/" for 127.0.0.1 at 2022-08-18 18:40:48 -0700
  [1m[35m (41.9ms)[0m  [1m[34mSELECT sqlite_version(*)[0m
  [1m[36mActiveRecord::SchemaMigration Pluck (0.3ms)[0m  [1m[34mSELECT "schema_migrations"."version" FROM "schema_migrations" ORDER BY "schema_migrations"."version" ASC[0m
Processing by ArticlesController#index as HTML
  Rendering layout layouts/application.html.erb
  Rendering articles/index.html.erb within layouts/application
  [1m[36mArticle Load (0.3ms)[0m  [1m[34mSELECT "articles".* FROM "articles"[0m
  ↳ app/views/articles/index.html.erb:4
  Rendered articles/index.html.erb within layouts/application (Duration: 133.6ms | Allocations: 5630)
  Rendered layout layouts/application.html.erb (Duration: 602.1ms | Allocations: 38355)
Completed 200 OK in 1294ms (Views: 843.7ms | ActiveRecord: 1.7ms | Allocations: 43595)


Started GET "/articles/5" for 127.0.0.1 at 2022-08-18 18:41:08 -0700
Processing by ArticlesController#show as HTML
  Parameters: {"id"=>"5"}
  [1m[36mArticle Load (0.3ms)[0m  [1m[34mSELECT "articles".* FROM "articles" WHERE "articles"."id" = ? LIMIT ?[0m  [["id", 5], ["LIMIT", 1]]
  ↳ app/controllers/articles_controller.rb:7:in `show'
  Rendering layout layouts/application.html.erb
  Rendering articles/show.html.erb within layouts/application
  Rendered articles/show.html.erb within layouts/application (Duration: 2.2ms | Allocations: 158)
  Rendered layout layouts/application.html.erb (Duration: 14.8ms | Allocations: 1906)
Completed 200 OK in 63ms (Views: 16.6ms | ActiveRecord: 0.3ms | Allocations: 4377)


Started GET "/articles/new" for 127.0.0.1 at 2022-08-18 19:06:37 -0700
Processing by ArticlesController#new as HTML
Completed 500 Internal Server Error in 7ms (Allocations: 1016)


  
ArgumentError (Unknown validator: 'PresenseValidator'):
  
app/models/article.rb:2:in `<class:Article>'
app/models/article.rb:1:in `<main>'
app/controllers/articles_controller.rb:11:in `new'
Started GET "/articles/new" for 127.0.0.1 at 2022-08-18 19:07:51 -0700
Processing by ArticlesController#new as HTML
  [1m[35m (0.1ms)[0m  [1m[34mSELECT sqlite_version(*)[0m
  ↳ app/controllers/articles_controller.rb:11:in `new'
  Rendering layout layouts/application.html.erb
  Rendering articles/new.html.erb within layouts/application
  Rendered articles/new.html.erb within layouts/application (Duration: 2.4ms | Allocations: 1263)
  Rendered layout layouts/application.html.erb (Duration: 10.8ms | Allocations: 1341)
Completed 500 Internal Server Error in 93ms (ActiveRecord: 0.6ms | Allocations: 4098)


  
ActionView::SyntaxErrorInTemplate (Encountered a syntax error while rendering template: check <h1>New Article</h1>

<%= form_with model: @article do |form| %>
  <div>
    <%= form.label :title %><br>
    <%= form.text_field :title %>
    <% @article.errors.full_messages_for(:title).each do |message| %>
      <div><%= message %></div>
    <%= end %>
  </div>

  <div>
    <%= form.label :body %><br>
    <%= form.text_area :body %>
    <% @article.errors.full_messages_for(:body).each do |message| %>
      <div><%= message %></div>
    <%= end %>
  </div>

  <div>
    <%= form.submit %>
  </div>
<% end %>
):
1:    <h1>New Article</h1>
2:    
3:    <%= form_with model: @article do |form| %>
4:      <div>
5:        <%= form.label :title %><br>
6:        <%= form.text_field :title %>
7:        <% @article.errors.full_messages_for(:title).each do |message| %>
8:          <div><%= message %></div>
9:        <%= end %>
10:      </div>
11:    
12:      <div>
13:        <%= form.label :body %><br>
14:        <%= form.text_area :body %>
15:        <% @article.errors.full_messages_for(:body).each do |message| %>
16:          <div><%= message %></div>
17:        <%= end %>
18:      </div>
19:    
20:      <div>
21:        <%= form.submit %>
22:      </div>
23:    <% end %>
  
app/views/articles/new.html.erb:9: syntax error, unexpected `end'
app/views/articles/new.html.erb:17: syntax error, unexpected `end'
app/views/articles/new.html.erb:23: syntax error, unexpected `end', expecting ')'
app/views/articles/new.html.erb:25: syntax error, unexpected `end', expecting ')'
app/views/articles/new.html.erb:9: syntax error, unexpected `end'
app/views/articles/new.html.erb:17: syntax error, unexpected `end'
app/views/articles/new.html.erb:23: syntax error, unexpected `end', expecting ')'
app/views/articles/new.html.erb:25: syntax error, unexpected `end', expecting ')'
app/views/articles/new.html.erb:9: syntax error, unexpected `end'
app/views/articles/new.html.erb:17: syntax error, unexpected `end'
app/views/articles/new.html.erb:23: syntax error, unexpected `end', expecting ')'
app/views/articles/new.html.erb:25: syntax error, unexpected `end', expecting ')'
app/views/articles/new.html.erb:9: syntax error, unexpected `end'
app/views/articles/new.html.erb:17: syntax error, unexpected `end'
app/views/articles/new.html.erb:23: syntax error, unexpected `end', expecting ')'
app/views/articles/new.html.erb:25: syntax error, unexpected `end', expecting ')'
app/views/articles/new.html.erb:9: syntax error, unexpected `end'
app/views/articles/new.html.erb:17: syntax error, unexpected `end'
app/views/articles/new.html.erb:23: syntax error, unexpected `end', expecting ')'
app/views/articles/new.html.erb:25: syntax error, unexpected `end', expecting ')'
app/views/articles/new.html.erb:9: syntax error, unexpected `end'
app/views/articles/new.html.erb:17: syntax error, unexpected `end'
app/views/articles/new.html.erb:23: syntax error, unexpected `end', expecting ')'
app/views/articles/new.html.erb:25: syntax error, unexpected `end', expecting ')'
Started GET "/articles/new" for 127.0.0.1 at 2022-08-18 19:09:36 -0700
Processing by ArticlesController#new as HTML
  [1m[35m (0.1ms)[0m  [1m[34mSELECT sqlite_version(*)[0m
  ↳ app/controllers/articles_controller.rb:11:in `new'
  Rendering layout layouts/application.html.erb
  Rendering articles/new.html.erb within layouts/application
  Rendered articles/new.html.erb within layouts/application (Duration: 1.6ms | Allocations: 1253)
  Rendered layout layouts/application.html.erb (Duration: 2.7ms | Allocations: 1330)
Completed 500 Internal Server Error in 26ms (ActiveRecord: 1.5ms | Allocations: 4236)


  
ActionView::SyntaxErrorInTemplate (Encountered a syntax error while rendering template: check <h1>New Article</h1>

<%= form_with model: @article do |form| %>
  <div>
    <%= form.label :title %><br>
    <%= form.text_field :title %>
    <% @article.errors.full_messages_for(:title).each do |message| %>
      <div><%= message %></div>
    <%= end %>
  </div>

  <div>
    <%= form.label :body %><br>
    <%= form.text_area :body %>
    <% @article.errors.full_messages_for(:body).each do |message| %>
      <div><%= message %></div>
    <%= end %>
  </div>

  <div>
    <%= form.submit %>
  </div>
<% end %>
):
1:    <h1>New Article</h1>
2:    
3:    <%= form_with model: @article do |form| %>
4:      <div>
5:        <%= form.label :title %><br>
6:        <%= form.text_field :title %>
7:        <% @article.errors.full_messages_for(:title).each do |message| %>
8:          <div><%= message %></div>
9:        <%= end %>
10:      </div>
11:    
12:      <div>
13:        <%= form.label :body %><br>
14:        <%= form.text_area :body %>
15:        <% @article.errors.full_messages_for(:body).each do |message| %>
16:          <div><%= message %></div>
17:        <%= end %>
18:      </div>
19:    
20:      <div>
21:        <%= form.submit %>
22:      </div>
23:    <% end %>
  
app/views/articles/new.html.erb:9: syntax error, unexpected `end'
app/views/articles/new.html.erb:17: syntax error, unexpected `end'
app/views/articles/new.html.erb:23: syntax error, unexpected `end', expecting ')'
app/views/articles/new.html.erb:25: syntax error, unexpected `end', expecting ')'
app/views/articles/new.html.erb:9: syntax error, unexpected `end'
app/views/articles/new.html.erb:17: syntax error, unexpected `end'
app/views/articles/new.html.erb:23: syntax error, unexpected `end', expecting ')'
app/views/articles/new.html.erb:25: syntax error, unexpected `end', expecting ')'
app/views/articles/new.html.erb:9: syntax error, unexpected `end'
app/views/articles/new.html.erb:17: syntax error, unexpected `end'
app/views/articles/new.html.erb:23: syntax error, unexpected `end', expecting ')'
app/views/articles/new.html.erb:25: syntax error, unexpected `end', expecting ')'
app/views/articles/new.html.erb:9: syntax error, unexpected `end'
app/views/articles/new.html.erb:17: syntax error, unexpected `end'
app/views/articles/new.html.erb:23: syntax error, unexpected `end', expecting ')'
app/views/articles/new.html.erb:25: syntax error, unexpected `end', expecting ')'
app/views/articles/new.html.erb:9: syntax error, unexpected `end'
app/views/articles/new.html.erb:17: syntax error, unexpected `end'
app/views/articles/new.html.erb:23: syntax error, unexpected `end', expecting ')'
app/views/articles/new.html.erb:25: syntax error, unexpected `end', expecting ')'
app/views/articles/new.html.erb:9: syntax error, unexpected `end'
app/views/articles/new.html.erb:17: syntax error, unexpected `end'
app/views/articles/new.html.erb:23: syntax error, unexpected `end', expecting ')'
app/views/articles/new.html.erb:25: syntax error, unexpected `end', expecting ')'
Started GET "/articles/new" for 127.0.0.1 at 2022-08-18 19:10:46 -0700
Processing by ArticlesController#new as HTML
  Rendering layout layouts/application.html.erb
  Rendering articles/new.html.erb within layouts/application
  Rendered articles/new.html.erb within layouts/application (Duration: 360.9ms | Allocations: 9768)
  Rendered layout layouts/application.html.erb (Duration: 382.6ms | Allocations: 11569)
Completed 200 OK in 397ms (Views: 393.5ms | ActiveRecord: 0.0ms | Allocations: 12487)


Started POST "/articles" for 127.0.0.1 at 2022-08-18 19:10:50 -0700
Processing by ArticlesController#create as HTML
  Parameters: {"authenticity_token"=>"[FILTERED]", "article"=>{"title"=>"", "body"=>""}, "commit"=>"Create Article"}
  Rendering layout layouts/application.html.erb
  Rendering articles/new.html.erb within layouts/application
  Rendered articles/new.html.erb within layouts/application (Duration: 12.0ms | Allocations: 4089)
  Rendered layout layouts/application.html.erb (Duration: 17.9ms | Allocations: 5669)
Completed 422 Unprocessable Entity in 23ms (Views: 19.5ms | ActiveRecord: 0.0ms | Allocations: 6831)


Started POST "/articles" for 127.0.0.1 at 2022-08-18 19:10:57 -0700
Processing by ArticlesController#create as HTML
  Parameters: {"authenticity_token"=>"[FILTERED]", "article"=>{"title"=>"123123", "body"=>"qweqweqwe"}, "commit"=>"Create Article"}
  Rendering layout layouts/application.html.erb
  Rendering articles/new.html.erb within layouts/application
  Rendered articles/new.html.erb within layouts/application (Duration: 4.3ms | Allocations: 1905)
  Rendered layout layouts/application.html.erb (Duration: 12.9ms | Allocations: 3486)
Completed 422 Unprocessable Entity in 18ms (Views: 14.7ms | ActiveRecord: 0.0ms | Allocations: 4520)


Started GET "/articles" for 127.0.0.1 at 2022-08-18 19:11:02 -0700
Processing by ArticlesController#index as HTML
  Rendering layout layouts/application.html.erb
  Rendering articles/index.html.erb within layouts/application
  [1m[36mArticle Load (0.5ms)[0m  [1m[34mSELECT "articles".* FROM "articles"[0m
  ↳ app/views/articles/index.html.erb:4
  Rendered articles/index.html.erb within layouts/application (Duration: 6.5ms | Allocations: 981)
  Rendered layout layouts/application.html.erb (Duration: 18.1ms | Allocations: 2729)
Completed 200 OK in 25ms (Views: 19.4ms | ActiveRecord: 0.5ms | Allocations: 3079)


Started GET "/articles" for 127.0.0.1 at 2022-08-18 19:11:04 -0700
Processing by ArticlesController#index as HTML
  Rendering layout layouts/application.html.erb
  Rendering articles/index.html.erb within layouts/application
  [1m[36mArticle Load (0.4ms)[0m  [1m[34mSELECT "articles".* FROM "articles"[0m
  ↳ app/views/articles/index.html.erb:4
  Rendered articles/index.html.erb within layouts/application (Duration: 5.9ms | Allocations: 770)
  Rendered layout layouts/application.html.erb (Duration: 12.7ms | Allocations: 2520)
Completed 200 OK in 16ms (Views: 13.9ms | ActiveRecord: 0.4ms | Allocations: 2806)


Started GET "/articles/new" for 127.0.0.1 at 2022-08-18 19:11:08 -0700
Processing by ArticlesController#new as HTML
  Rendering layout layouts/application.html.erb
  Rendering articles/new.html.erb within layouts/application
  Rendered articles/new.html.erb within layouts/application (Duration: 2.8ms | Allocations: 1004)
  Rendered layout layouts/application.html.erb (Duration: 11.8ms | Allocations: 2592)
Completed 200 OK in 16ms (Views: 13.6ms | ActiveRecord: 0.0ms | Allocations: 2869)


Started POST "/articles" for 127.0.0.1 at 2022-08-18 19:11:11 -0700
Processing by ArticlesController#create as HTML
  Parameters: {"authenticity_token"=>"[FILTERED]", "article"=>{"title"=>"", "body"=>""}, "commit"=>"Create Article"}
  Rendering layout layouts/application.html.erb
  Rendering articles/new.html.erb within layouts/application
  Rendered articles/new.html.erb within layouts/application (Duration: 11.5ms | Allocations: 3933)
  Rendered layout layouts/application.html.erb (Duration: 18.2ms | Allocations: 5513)
Completed 422 Unprocessable Entity in 23ms (Views: 20.0ms | ActiveRecord: 0.0ms | Allocations: 6561)


Started POST "/articles" for 127.0.0.1 at 2022-08-18 19:11:17 -0700
Processing by ArticlesController#create as HTML
  Parameters: {"authenticity_token"=>"[FILTERED]", "article"=>{"title"=>"123123", "body"=>"qwe"}, "commit"=>"Create Article"}
  Rendering layout layouts/application.html.erb
  Rendering articles/new.html.erb within layouts/application
  Rendered articles/new.html.erb within layouts/application (Duration: 4.8ms | Allocations: 1905)
  Rendered layout layouts/application.html.erb (Duration: 15.0ms | Allocations: 3485)
Completed 422 Unprocessable Entity in 19ms (Views: 16.4ms | ActiveRecord: 0.0ms | Allocations: 4519)


Started POST "/articles" for 127.0.0.1 at 2022-08-18 19:11:22 -0700
Processing by ArticlesController#create as HTML
  Parameters: {"authenticity_token"=>"[FILTERED]", "article"=>{"title"=>"123123", "body"=>"qwe12321132"}, "commit"=>"Create Article"}
  [1m[36mTRANSACTION (0.1ms)[0m  [1m[36mbegin transaction[0m
  ↳ app/controllers/articles_controller.rb:17:in `create'
  [1m[36mArticle Create (1.3ms)[0m  [1m[32mINSERT INTO "articles" ("title", "body", "created_at", "updated_at") VALUES (?, ?, ?, ?)[0m  [["title", "123123"], ["body", "qwe12321132"], ["created_at", "2022-08-19 02:11:22.908929"], ["updated_at", "2022-08-19 02:11:22.908929"]]
  ↳ app/controllers/articles_controller.rb:17:in `create'
  [1m[36mTRANSACTION (176.7ms)[0m  [1m[36mcommit transaction[0m
  ↳ app/controllers/articles_controller.rb:17:in `create'
Redirected to http://127.0.0.1:3000/articles/6
Completed 302 Found in 192ms (ActiveRecord: 178.0ms | Allocations: 2684)


Started GET "/articles/6" for 127.0.0.1 at 2022-08-18 19:11:23 -0700
Processing by ArticlesController#show as HTML
  Parameters: {"id"=>"6"}
  [1m[36mArticle Load (0.4ms)[0m  [1m[34mSELECT "articles".* FROM "articles" WHERE "articles"."id" = ? LIMIT ?[0m  [["id", 6], ["LIMIT", 1]]
  ↳ app/controllers/articles_controller.rb:7:in `show'
  Rendering layout layouts/application.html.erb
  Rendering articles/show.html.erb within layouts/application
  Rendered articles/show.html.erb within layouts/application (Duration: 1.7ms | Allocations: 159)
  Rendered layout layouts/application.html.erb (Duration: 16.7ms | Allocations: 1901)
Completed 200 OK in 27ms (Views: 18.3ms | ActiveRecord: 0.4ms | Allocations: 3213)


Started GET "/articles/" for 127.0.0.1 at 2022-08-18 19:11:26 -0700
Processing by ArticlesController#index as HTML
  Rendering layout layouts/application.html.erb
  Rendering articles/index.html.erb within layouts/application
  [1m[36mArticle Load (0.2ms)[0m  [1m[34mSELECT "articles".* FROM "articles"[0m
  ↳ app/views/articles/index.html.erb:4
  Rendered articles/index.html.erb within layouts/application (Duration: 6.1ms | Allocations: 817)
  Rendered layout layouts/application.html.erb (Duration: 14.1ms | Allocations: 2564)
Completed 200 OK in 17ms (Views: 15.4ms | ActiveRecord: 0.2ms | Allocations: 2842)


Started GET "/articles/new" for 127.0.0.1 at 2022-08-18 19:11:33 -0700
Processing by ArticlesController#new as HTML
  Rendering layout layouts/application.html.erb
  Rendering articles/new.html.erb within layouts/application
  Rendered articles/new.html.erb within layouts/application (Duration: 2.6ms | Allocations: 1014)
  Rendered layout layouts/application.html.erb (Duration: 9.9ms | Allocations: 2602)
Completed 200 OK in 14ms (Views: 12.0ms | ActiveRecord: 0.0ms | Allocations: 2879)


Started POST "/articles" for 127.0.0.1 at 2022-08-18 19:11:37 -0700
Processing by ArticlesController#create as HTML
  Parameters: {"authenticity_token"=>"[FILTERED]", "article"=>{"title"=>"asdasd", "body"=>"asdasdasdasd"}, "commit"=>"Create Article"}
  [1m[36mTRANSACTION (0.4ms)[0m  [1m[36mbegin transaction[0m
  ↳ app/controllers/articles_controller.rb:17:in `create'
  [1m[36mArticle Create (1.2ms)[0m  [1m[32mINSERT INTO "articles" ("title", "body", "created_at", "updated_at") VALUES (?, ?, ?, ?)[0m  [["title", "asdasd"], ["body", "asdasdasdasd"], ["created_at", "2022-08-19 02:11:37.788070"], ["updated_at", "2022-08-19 02:11:37.788070"]]
  ↳ app/controllers/articles_controller.rb:17:in `create'
  [1m[36mTRANSACTION (191.4ms)[0m  [1m[36mcommit transaction[0m
  ↳ app/controllers/articles_controller.rb:17:in `create'
Redirected to http://127.0.0.1:3000/articles/7
Completed 302 Found in 209ms (ActiveRecord: 193.0ms | Allocations: 2045)


Started GET "/articles/7" for 127.0.0.1 at 2022-08-18 19:11:38 -0700
Processing by ArticlesController#show as HTML
  Parameters: {"id"=>"7"}
  [1m[36mArticle Load (0.2ms)[0m  [1m[34mSELECT "articles".* FROM "articles" WHERE "articles"."id" = ? LIMIT ?[0m  [["id", 7], ["LIMIT", 1]]
  ↳ app/controllers/articles_controller.rb:7:in `show'
  Rendering layout layouts/application.html.erb
  Rendering articles/show.html.erb within layouts/application
  Rendered articles/show.html.erb within layouts/application (Duration: 0.3ms | Allocations: 21)
  Rendered layout layouts/application.html.erb (Duration: 7.1ms | Allocations: 1759)
Completed 200 OK in 16ms (Views: 11.7ms | ActiveRecord: 0.2ms | Allocations: 2472)


Started GET "/articles/" for 127.0.0.1 at 2022-08-18 19:11:40 -0700
Processing by ArticlesController#index as HTML
  Rendering layout layouts/application.html.erb
  Rendering articles/index.html.erb within layouts/application
  [1m[36mArticle Load (0.3ms)[0m  [1m[34mSELECT "articles".* FROM "articles"[0m
  ↳ app/views/articles/index.html.erb:4
  Rendered articles/index.html.erb within layouts/application (Duration: 7.4ms | Allocations: 855)
  Rendered layout layouts/application.html.erb (Duration: 13.7ms | Allocations: 2606)
Completed 200 OK in 17ms (Views: 14.9ms | ActiveRecord: 0.3ms | Allocations: 2882)


